[2019-09-14 06:47:58] production.ERROR: Trying to get property 'pics' of non-object {"exception":"[object] (ErrorException(code: 0): Trying to get property 'pics' of non-object at /www/wwwroot/xfdj/app/Http/Controllers/Api/ProductController.php:21)
[stacktrace]
#0 /www/wwwroot/xfdj/app/Http/Controllers/Api/ProductController.php(21): Illuminate\\Foundation\\Bootstrap\\HandleExceptions->handleError(8, 'Trying to get p...', '/www/wwwroot/xf...', 21, Array)
#1 [internal function]: App\\Http\\Controllers\\Api\\ProductController->getGoodsData(Object(Dingo\\Api\\Http\\Request))
#2 /www/wwwroot/xfdj/vendor/laravel/framework/src/Illuminate/Routing/Controller.php(54): call_user_func_array(Array, Array)
#3 /www/wwwroot/xfdj/vendor/laravel/framework/src/Illuminate/Routing/ControllerDispatcher.php(45): Illuminate\\Routing\\Controller->callAction('getGoodsData', Array)
#4 /www/wwwroot/xfdj/vendor/laravel/framework/src/Illuminate/Routing/Route.php(219): Illuminate\\Routing\\ControllerDispatcher->dispatch(Object(Illuminate\\Routing\\Route), Object(App\\Http\\Controllers\\Api\\ProductController), 'getGoodsData')
#5 /www/wwwroot/xfdj/vendor/laravel/framework/src/Illuminate/Routing/Route.php(176): Illuminate\\Routing\\Route->runController()
#6 /www/wwwroot/xfdj/vendor/laravel/framework/src/Illuminate/Routing/Router.php(680): Illuminate\\Routing\\Route->run()
#7 /www/wwwroot/xfdj/vendor/laravel/framework/src/Illuminate/Routing/Pipeline.php(30): Illuminate\\Routing\\Router->Illuminate\\Routing\\{closure}(Object(Dingo\\Api\\Http\\Request))
#8 /www/wwwroot/xfdj/vendor/dingo/api/src/Http/Middleware/PrepareController.php(45): Illuminate\\Routing\\Pipeline->Illuminate\\Routing\\{closure}(Object(Dingo\\Api\\Http\\Request))
#9 /www/wwwroot/xfdj/vendor/laravel/framework/src/Illuminate/Pipeline/Pipeline.php(163): Dingo\\Api\\Http\\Middleware\\PrepareController->handle(Object(Dingo\\Api\\Http\\Request), Object(Closure))
#10 /www/wwwroot/xfdj/vendor/laravel/framework/src/Illuminate/Routing/Pipeline.php(53): Illuminate\\Pipeline\\Pipeline->Illuminate\\Pipeline\\{closure}(Object(Dingo\\Api\\Http\\Request))
#11 /www/wwwroot/xfdj/vendor/laravel/framework/src/Illuminate/Pipeline/Pipeline.php(104): Illuminate\\Routing\\Pipeline->Illuminate\\Routing\\{closure}(Object(Dingo\\Api\\Http\\Request))
#12 /www/wwwroot/xfdj/vendor/laravel/framework/src/Illuminate/Routing/Router.php(682): Illuminate\\Pipeline\\Pipeline->then(Object(Closure))
#13 /www/wwwroot/xfdj/vendor/laravel/framework/src/Illuminate/Routing/Router.php(657): Illuminate\\Routing\\Router->runRouteWithinStack(Object(Illuminate\\Routing\\Route), Object(Dingo\\Api\\Http\\Request))
#14 /www/wwwroot/xfdj/vendor/laravel/framework/src/Illuminate/Routing/Router.php(623): Illuminate\\Routing\\Router->runRoute(Object(Dingo\\Api\\Http\\Request), Object(Illuminate\\Routing\\Route))
#15 /www/wwwroot/xfdj/vendor/laravel/framework/src/Illuminate/Routing/Router.php(612): Illuminate\\Routing\\Router->dispatchToRoute(Object(Dingo\\Api\\Http\\Request))
#16 /www/wwwroot/xfdj/vendor/dingo/api/src/Routing/Adapter/Laravel.php(88): Illuminate\\Routing\\Router->dispatch(Object(Dingo\\Api\\Http\\Request))
#17 /www/wwwroot/xfdj/vendor/dingo/api/src/Routing/Router.php(514): Dingo\\Api\\Routing\\Adapter\\Laravel->dispatch(Object(Dingo\\Api\\Http\\Request), 'v1')
#18 /www/wwwroot/xfdj/vendor/dingo/api/src/Http/Middleware/Request.php(126): Dingo\\Api\\Routing\\Router->dispatch(Object(Dingo\\Api\\Http\\Request))
#19 /www/wwwroot/xfdj/vendor/laravel/framework/src/Illuminate/Pipeline/Pipeline.php(128): Dingo\\Api\\Http\\Middleware\\Request->Dingo\\Api\\Http\\Middleware\\{closure}(Object(Dingo\\Api\\Http\\Request))
#20 /www/wwwroot/xfdj/vendor/fideloper/proxy/src/TrustProxies.php(57): Illuminate\\Pipeline\\Pipeline->Illuminate\\Pipeline\\{closure}(Object(Dingo\\Api\\Http\\Request))
#21 /www/wwwroot/xfdj/vendor/laravel/framework/src/Illuminate/Pipeline/Pipeline.php(163): Fideloper\\Proxy\\TrustProxies->handle(Object(Dingo\\Api\\Http\\Request), Object(Closure))
#22 /www/wwwroot/xfdj/vendor/laravel/framework/src/Illuminate/Foundation/Http/Middleware/TransformsRequest.php(21): Illuminate\\Pipeline\\Pipeline->Illuminate\\Pipeline\\{closure}(Object(Dingo\\Api\\Http\\Request))
#23 /www/wwwroot/xfdj/vendor/laravel/framework/src/Illuminate/Pipeline/Pipeline.php(163): Illuminate\\Foundation\\Http\\Middleware\\TransformsRequest->handle(Object(Dingo\\Api\\Http\\Request), Object(Closure))
#24 /www/wwwroot/xfdj/vendor/laravel/framework/src/Illuminate/Foundation/Http/Middleware/TransformsRequest.php(21): Illuminate\\Pipeline\\Pipeline->Illuminate\\Pipeline\\{closure}(Object(Dingo\\Api\\Http\\Request))
#25 /www/wwwroot/xfdj/vendor/laravel/framework/src/Illuminate/Pipeline/Pipeline.php(163): Illuminate\\Foundation\\Http\\Middleware\\TransformsRequest->handle(Object(Dingo\\Api\\Http\\Request), Object(Closure))
#26 /www/wwwroot/xfdj/vendor/laravel/framework/src/Illuminate/Foundation/Http/Middleware/ValidatePostSize.php(27): Illuminate\\Pipeline\\Pipeline->Illuminate\\Pipeline\\{closure}(Object(Dingo\\Api\\Http\\Request))
#27 /www/wwwroot/xfdj/vendor/laravel/framework/src/Illuminate/Pipeline/Pipeline.php(163): Illuminate\\Foundation\\Http\\Middleware\\ValidatePostSize->handle(Object(Dingo\\Api\\Http\\Request), Object(Closure))
#28 /www/wwwroot/xfdj/vendor/laravel/framework/src/Illuminate/Foundation/Http/Middleware/CheckForMaintenanceMode.php(62): Illuminate\\Pipeline\\Pipeline->Illuminate\\Pipeline\\{closure}(Object(Dingo\\Api\\Http\\Request))
#29 /www/wwwroot/xfdj/vendor/laravel/framework/src/Illuminate/Pipeline/Pipeline.php(163): Illuminate\\Foundation\\Http\\Middleware\\CheckForMaintenanceMode->handle(Object(Dingo\\Api\\Http\\Request), Object(Closure))
#30 /www/wwwroot/xfdj/vendor/laravel/framework/src/Illuminate/Pipeline/Pipeline.php(104): Illuminate\\Pipeline\\Pipeline->Illuminate\\Pipeline\\{closure}(Object(Dingo\\Api\\Http\\Request))
#31 /www/wwwroot/xfdj/vendor/dingo/api/src/Http/Middleware/Request.php(127): Illuminate\\Pipeline\\Pipeline->then(Object(Closure))
#32 /www/wwwroot/xfdj/vendor/dingo/api/src/Http/Middleware/Request.php(103): Dingo\\Api\\Http\\Middleware\\Request->sendRequestThroughRouter(Object(Dingo\\Api\\Http\\Request))
#33 /www/wwwroot/xfdj/vendor/laravel/framework/src/Illuminate/Pipeline/Pipeline.php(163): Dingo\\Api\\Http\\Middleware\\Request->handle(Object(Dingo\\Api\\Http\\Request), Object(Closure))
#34 /www/wwwroot/xfdj/vendor/laravel/framework/src/Illuminate/Routing/Pipeline.php(53): Illuminate\\Pipeline\\Pipeline->Illuminate\\Pipeline\\{closure}(Object(Illuminate\\Http\\Request))
#35 /www/wwwroot/xfdj/vendor/laravel/framework/src/Illuminate/Pipeline/Pipeline.php(104): Illuminate\\Routing\\Pipeline->Illuminate\\Routing\\{closure}(Object(Illuminate\\Http\\Request))
#36 /www/wwwroot/xfdj/vendor/laravel/framework/src/Illuminate/Foundation/Http/Kernel.php(151): Illuminate\\Pipeline\\Pipeline->then(Object(Closure))
#37 /www/wwwroot/xfdj/vendor/laravel/framework/src/Illuminate/Foundation/Http/Kernel.php(116): Illuminate\\Foundation\\Http\\Kernel->sendRequestThroughRouter(Object(Illuminate\\Http\\Request))
#38 /www/wwwroot/xfdj/public/index.php(55): Illuminate\\Foundation\\Http\\Kernel->handle(Object(Illuminate\\Http\\Request))
#39 {main}
"} 
